2025-06-27 10:09:21,650 DEBUG    root            Loaded Command Group: ['gcloud', 'auth']
2025-06-27 10:09:21,688 DEBUG    root            Loaded Command Group: ['gcloud', 'auth', 'login']
2025-06-27 10:09:21,689 DEBUG    root            Running [gcloud.auth.login] with arguments: []
2025-06-27 10:09:21,828 DEBUG    requests_oauthlib.oauth2_session Generated new state NLue7QFFOh0Ud5CUTGcOieKyR3fko9.
2025-06-27 10:09:21,829 INFO     ___FILE_ONLY___ Your browser has been opened to visit:

    https://accounts.google.com/o/oauth2/auth?response_type=code&client_id=32555940559.apps.googleusercontent.com&redirect_uri=http%3A%2F%2Flocalhost%3A8085%2F&scope=openid+https%3A%2F%2Fwww.googleapis.com%2Fauth%2Fuserinfo.email+https%3A%2F%2Fwww.googleapis.com%2Fauth%2Fcloud-platform+https%3A%2F%2Fwww.googleapis.com%2Fauth%2Fappengine.admin+https%3A%2F%2Fwww.googleapis.com%2Fauth%2Fsqlservice.login+https%3A%2F%2Fwww.googleapis.com%2Fauth%2Fcompute+https%3A%2F%2Fwww.googleapis.com%2Fauth%2Faccounts.reauth&state=NLue7QFFOh0Ud5CUTGcOieKyR3fko9&access_type=offline&code_challenge=s23wU_LUg0mgKWsRlXxKQwdqk0XgSESD0nYIBbbO_js&code_challenge_method=S256


2025-06-27 10:11:00,564 INFO     google_auth_oauthlib.flow "GET /?state=NLue7QFFOh0Ud5CUTGcOieKyR3fko9&code=4/0AVMBsJgUg9rf6eZX2n0I_ZmXxuC1WucnCqBH-oWSdQd4T4uYHLKjl84YBIlvn5ZUtJE6Rw&scope=email%20openid%20https://www.googleapis.com/auth/userinfo.email%20https://www.googleapis.com/auth/cloud-platform%20https://www.googleapis.com/auth/appengine.admin%20https://www.googleapis.com/auth/sqlservice.login%20https://www.googleapis.com/auth/compute%20https://www.googleapis.com/auth/accounts.reauth&authuser=0&prompt=consent HTTP/1.1" 200 937
2025-06-27 10:11:00,564 DEBUG    requests_oauthlib.oauth2_session Requesting url https://oauth2.googleapis.com/token using method POST.
2025-06-27 10:11:00,565 DEBUG    requests_oauthlib.oauth2_session Supplying headers {b'Accept': b'application/json', b'Content-Type': b'application/x-www-form-urlencoded;charset=UTF-8', b'user-agent': b'google-cloud-sdk gcloud/528.0.0 command/gcloud.auth.login invocation-id/702f6c6620fe4ccc903af6ec68b8b9e1 environment/None environment-version/None client-os/LINUX client-os-ver/6.15.3 client-pltf-arch/x86_64 interactive/True from-script/False python/3.12.10 term/xterm-kitty (Linux 6.15.3-3-cachyos)'} and data {'grant_type': 'authorization_code', 'client_id': '32555940559.apps.googleusercontent.com', 'client_secret': 'ZmssLNjJy2998hD4CTg2ejr2', 'code': '4/0AVMBsJgUg9rf6eZX2n0I_ZmXxuC1WucnCqBH-oWSdQd4T4uYHLKjl84YBIlvn5ZUtJE6Rw', 'redirect_uri': 'http://localhost:8085/', 'code_verifier': '0DfGpvLL6DrG~3uMJqcmGqCQi0nWE28kObHvuwTii.qV7fzra3b7mNJPje8tkw3QtkvFJKU6qnjIIBLXMEtpyeF5QslHda~y3Q6NPG5rwJBDDgRr3o7EOrPg3rfVtykf'}
2025-06-27 10:11:00,565 DEBUG    requests_oauthlib.oauth2_session Passing through key word arguments {'json': None, 'timeout': None, 'auth': None, 'verify': None, 'proxies': None}.
2025-06-27 10:11:00,566 DEBUG    urllib3.connectionpool Starting new HTTPS connection (1): oauth2.googleapis.com:443
2025-06-27 10:11:02,187 DEBUG    urllib3.connectionpool https://oauth2.googleapis.com:443 "POST /token HTTP/11" 200 None
2025-06-27 10:11:02,188 DEBUG    requests_oauthlib.oauth2_session Prepared fetch token request body grant_type=authorization_code&client_id=32555940559.apps.googleusercontent.com&client_secret=ZmssLNjJy2998hD4CTg2ejr2&code=4%2F0AVMBsJgUg9rf6eZX2n0I_ZmXxuC1WucnCqBH-oWSdQd4T4uYHLKjl84YBIlvn5ZUtJE6Rw&redirect_uri=http%3A%2F%2Flocalhost%3A8085%2F&code_verifier=0DfGpvLL6DrG~3uMJqcmGqCQi0nWE28kObHvuwTii.qV7fzra3b7mNJPje8tkw3QtkvFJKU6qnjIIBLXMEtpyeF5QslHda~y3Q6NPG5rwJBDDgRr3o7EOrPg3rfVtykf
2025-06-27 10:11:02,188 DEBUG    requests_oauthlib.oauth2_session Request to fetch token completed with status 200.
2025-06-27 10:11:02,188 DEBUG    requests_oauthlib.oauth2_session Request headers were {'user-agent': b'google-cloud-sdk gcloud/528.0.0 command/gcloud.auth.login invocation-id/702f6c6620fe4ccc903af6ec68b8b9e1 environment/None environment-version/None client-os/LINUX client-os-ver/6.15.3 client-pltf-arch/x86_64 interactive/True from-script/False python/3.12.10 term/xterm-kitty (Linux 6.15.3-3-cachyos)', 'Accept-Encoding': 'gzip, deflate', 'Accept': b'application/json', 'Connection': 'keep-alive', 'Content-Type': b'application/x-www-form-urlencoded;charset=UTF-8', 'Content-Length': '387'}
2025-06-27 10:11:02,188 DEBUG    requests_oauthlib.oauth2_session Request body was grant_type=authorization_code&client_id=32555940559.apps.googleusercontent.com&client_secret=ZmssLNjJy2998hD4CTg2ejr2&code=4%2F0AVMBsJgUg9rf6eZX2n0I_ZmXxuC1WucnCqBH-oWSdQd4T4uYHLKjl84YBIlvn5ZUtJE6Rw&redirect_uri=http%3A%2F%2Flocalhost%3A8085%2F&code_verifier=0DfGpvLL6DrG~3uMJqcmGqCQi0nWE28kObHvuwTii.qV7fzra3b7mNJPje8tkw3QtkvFJKU6qnjIIBLXMEtpyeF5QslHda~y3Q6NPG5rwJBDDgRr3o7EOrPg3rfVtykf
2025-06-27 10:11:02,188 DEBUG    requests_oauthlib.oauth2_session Response headers were {'Pragma': 'no-cache', 'Expires': 'Mon, 01 Jan 1990 00:00:00 GMT', 'Date': 'Fri, 27 Jun 2025 15:11:02 GMT', 'Cache-Control': 'no-cache, no-store, max-age=0, must-revalidate', 'Content-Type': 'application/json; charset=utf-8', 'Vary': 'Origin, X-Origin, Referer', 'Content-Encoding': 'gzip', 'Server': 'scaffolding on HTTPServer2', 'X-XSS-Protection': '0', 'X-Frame-Options': 'SAMEORIGIN', 'X-Content-Type-Options': 'nosniff', 'Alt-Svc': 'h3=":443"; ma=2592000,h3-29=":443"; ma=2592000', 'Transfer-Encoding': 'chunked'} and content {
  "access_token": "ya29.a0AS3H6NwOpJlnOC3wiEGfeBVI1jWyBnBbWyVPb2zdFngMq_zEkjEaofbdLAHwalkCLGBQkHsdjnV85OpyGTSIK0bWCGw_FKN7Wy6_pp0WS-Nn-oe0rqT_Db7uhrm8cTBshAmxQM3AosU_7vUh37fsw9hl2SThyP0Nw9NfDBQpkdlfhQaCgYKAfISARMSFQHGX2Mi0o61oV1uLilrrlEZ1XSUKw0181",
  "expires_in": 3599,
  "refresh_token": "1//01dG1jK0APwozCgYIARAAGAESNwF-L9IrcHQ17L8m0bxh3QN67Rz8izQdvoC7c5LOqnD8fsWRoYme7td6WCp2lQjWI8VuiUU0m_A",
  "scope": "https://www.googleapis.com/auth/cloud-platform https://www.googleapis.com/auth/sqlservice.login https://www.googleapis.com/auth/userinfo.email openid https://www.googleapis.com/auth/appengine.admin https://www.googleapis.com/auth/compute https://www.googleapis.com/auth/accounts.reauth",
  "token_type": "Bearer",
  "id_token": "eyJhbGciOiJSUzI1NiIsImtpZCI6Ijg4MjUwM2E1ZmQ1NmU5ZjczNGRmYmE1YzUwZDdiZjQ4ZGIyODRhZTkiLCJ0eXAiOiJKV1QifQ.eyJpc3MiOiJodHRwczovL2FjY291bnRzLmdvb2dsZS5jb20iLCJhenAiOiIzMjU1NTk0MDU1OS5hcHBzLmdvb2dsZXVzZXJjb250ZW50LmNvbSIsImF1ZCI6IjMyNTU1OTQwNTU5LmFwcHMuZ29vZ2xldXNlcmNvbnRlbnQuY29tIiwic3ViIjoiMTAzMjY4NTI0ODcxNzc2OTI4NzYyIiwiZW1haWwiOiJkcmF3cGRlYWRyZWRkQGdtYWlsLmNvbSIsImVtYWlsX3ZlcmlmaWVkIjp0cnVlLCJhdF9oYXNoIjoiY3BjZVN4a053eTRuYndManoyaWpNZyIsImlhdCI6MTc1MTAzNzA2MiwiZXhwIjoxNzUxMDQwNjYyfQ.CF_2W4lFQTvuEKGerTlh8x_6hvINIfUqhVCz_-qTOGWri7ymMcyoxAcXg3WRCpA8niwR9p-jLlPK8mER5i6wi5zCK0nU8O9ShiVXiMjRAfGGlgsu3Kb50rBN2fC89hPYqHo8d35ucvHgavIPENHADG2yABxfvYG4si9BXR2nKcWYu1Yh-GXNi5DKGgGeABMz2TKGSwcfTkHJN3ErgvbcqnEEDUBq_Kd8cytPCLVrSaT5LYwOO4zJzkyf1SInohnZ2Vg5k_SpcnUHNG-R8PD5FrJfnjo139dYeT655rZXtYQEh7qm-vL7Gvg0BMY1QXRUhsdcBMzOpSRQ2dLkulnK0w"
}.
2025-06-27 10:11:02,188 DEBUG    requests_oauthlib.oauth2_session Invoking 0 token response hooks.
2025-06-27 10:11:02,189 DEBUG    requests_oauthlib.oauth2_session Obtained token {'access_token': 'ya29.a0AS3H6NwOpJlnOC3wiEGfeBVI1jWyBnBbWyVPb2zdFngMq_zEkjEaofbdLAHwalkCLGBQkHsdjnV85OpyGTSIK0bWCGw_FKN7Wy6_pp0WS-Nn-oe0rqT_Db7uhrm8cTBshAmxQM3AosU_7vUh37fsw9hl2SThyP0Nw9NfDBQpkdlfhQaCgYKAfISARMSFQHGX2Mi0o61oV1uLilrrlEZ1XSUKw0181', 'expires_in': 3599, 'refresh_token': '1//01dG1jK0APwozCgYIARAAGAESNwF-L9IrcHQ17L8m0bxh3QN67Rz8izQdvoC7c5LOqnD8fsWRoYme7td6WCp2lQjWI8VuiUU0m_A', 'scope': ['https://www.googleapis.com/auth/cloud-platform', 'https://www.googleapis.com/auth/sqlservice.login', 'https://www.googleapis.com/auth/userinfo.email', 'openid', 'https://www.googleapis.com/auth/appengine.admin', 'https://www.googleapis.com/auth/compute', 'https://www.googleapis.com/auth/accounts.reauth'], 'token_type': 'Bearer', 'id_token': 'eyJhbGciOiJSUzI1NiIsImtpZCI6Ijg4MjUwM2E1ZmQ1NmU5ZjczNGRmYmE1YzUwZDdiZjQ4ZGIyODRhZTkiLCJ0eXAiOiJKV1QifQ.eyJpc3MiOiJodHRwczovL2FjY291bnRzLmdvb2dsZS5jb20iLCJhenAiOiIzMjU1NTk0MDU1OS5hcHBzLmdvb2dsZXVzZXJjb250ZW50LmNvbSIsImF1ZCI6IjMyNTU1OTQwNTU5LmFwcHMuZ29vZ2xldXNlcmNvbnRlbnQuY29tIiwic3ViIjoiMTAzMjY4NTI0ODcxNzc2OTI4NzYyIiwiZW1haWwiOiJkcmF3cGRlYWRyZWRkQGdtYWlsLmNvbSIsImVtYWlsX3ZlcmlmaWVkIjp0cnVlLCJhdF9oYXNoIjoiY3BjZVN4a053eTRuYndManoyaWpNZyIsImlhdCI6MTc1MTAzNzA2MiwiZXhwIjoxNzUxMDQwNjYyfQ.CF_2W4lFQTvuEKGerTlh8x_6hvINIfUqhVCz_-qTOGWri7ymMcyoxAcXg3WRCpA8niwR9p-jLlPK8mER5i6wi5zCK0nU8O9ShiVXiMjRAfGGlgsu3Kb50rBN2fC89hPYqHo8d35ucvHgavIPENHADG2yABxfvYG4si9BXR2nKcWYu1Yh-GXNi5DKGgGeABMz2TKGSwcfTkHJN3ErgvbcqnEEDUBq_Kd8cytPCLVrSaT5LYwOO4zJzkyf1SInohnZ2Vg5k_SpcnUHNG-R8PD5FrJfnjo139dYeT655rZXtYQEh7qm-vL7Gvg0BMY1QXRUhsdcBMzOpSRQ2dLkulnK0w', 'expires_at': 1751040661.1890016}.
2025-06-27 10:11:02,219 INFO     ___FILE_ONLY___ 
You are now logged in as [drawpdeadredd@gmail.com].
Your current project is [None].  You can change this setting by running:
  $ gcloud config set project PROJECT_ID

2025-06-27 10:11:02,220 DEBUG    root            Chosen display Format:none
2025-06-27 10:11:02,220 INFO     root            Display format: "none"
2025-06-27 10:11:02,262 DEBUG    root            SDK update checks are disabled.
